2020-09-11T13:11:26+00:00 CRITICAL Uncaught Error: Call to undefined function uralconstructioncompany_post_thumbnail() in C:\OpenServer\domains\uralconstructioncompany\wp-content\themes\uralconstructioncompany\template-parts\content-page.php:17
Stack trace:
#0 C:\OpenServer\domains\uralconstructioncompany\wp-includes\template.php(732): require()
#1 C:\OpenServer\domains\uralconstructioncompany\wp-includes\template.php(676): load_template('C:\\OpenServer\\d...', false, Array)
#2 C:\OpenServer\domains\uralconstructioncompany\wp-includes\general-template.php(204): locate_template(Array, true, false, Array)
#3 C:\OpenServer\domains\uralconstructioncompany\wp-content\themes\uralconstructioncompany\page.php(24): get_template_part('template-parts/...', 'page')
#4 C:\OpenServer\domains\uralconstructioncompany\wp-includes\template-loader.php(106): include('C:\\OpenServer\\d...')
#5 C:\OpenServer\domains\uralconstructioncompany\wp-blog-header.php(19): require_once('C:\\OpenServer\\d...')
#6 C:\OpenServer\domains\uralconstructioncompany\index.php(17): re в C:\OpenServer\domains\uralconstructioncompany\wp-content\themes\uralconstructioncompany\template-parts\content-page.php на строке 17

2020-09-11T13:12:19+00:00 CRITICAL Uncaught Error: Call to undefined function uralconstructioncompany_post_thumbnail() in C:\OpenServer\domains\uralconstructioncompany\wp-content\themes\uralconstructioncompany\template-parts\content-page.php:17
Stack trace:
#0 C:\OpenServer\domains\uralconstructioncompany\wp-includes\template.php(732): require()
#1 C:\OpenServer\domains\uralconstructioncompany\wp-includes\template.php(676): load_template('C:\\OpenServer\\d...', false, Array)
#2 C:\OpenServer\domains\uralconstructioncompany\wp-includes\general-template.php(204): locate_template(Array, true, false, Array)
#3 C:\OpenServer\domains\uralconstructioncompany\wp-content\themes\uralconstructioncompany\page.php(24): get_template_part('template-parts/...', 'page')
#4 C:\OpenServer\domains\uralconstructioncompany\wp-includes\template-loader.php(106): include('C:\\OpenServer\\d...')
#5 C:\OpenServer\domains\uralconstructioncompany\wp-blog-header.php(19): require_once('C:\\OpenServer\\d...')
#6 C:\OpenServer\domains\uralconstructioncompany\index.php(17): re в C:\OpenServer\domains\uralconstructioncompany\wp-content\themes\uralconstructioncompany\template-parts\content-page.php на строке 17

2020-09-11T13:12:37+00:00 CRITICAL Uncaught Error: Call to undefined function uralconstructioncompany_post_thumbnail() in C:\OpenServer\domains\uralconstructioncompany\wp-content\themes\uralconstructioncompany\template-parts\content-page.php:17
Stack trace:
#0 C:\OpenServer\domains\uralconstructioncompany\wp-includes\template.php(732): require()
#1 C:\OpenServer\domains\uralconstructioncompany\wp-includes\template.php(676): load_template('C:\\OpenServer\\d...', false, Array)
#2 C:\OpenServer\domains\uralconstructioncompany\wp-includes\general-template.php(204): locate_template(Array, true, false, Array)
#3 C:\OpenServer\domains\uralconstructioncompany\wp-content\themes\uralconstructioncompany\page.php(24): get_template_part('template-parts/...', 'page')
#4 C:\OpenServer\domains\uralconstructioncompany\wp-includes\template-loader.php(106): include('C:\\OpenServer\\d...')
#5 C:\OpenServer\domains\uralconstructioncompany\wp-blog-header.php(19): require_once('C:\\OpenServer\\d...')
#6 C:\OpenServer\domains\uralconstructioncompany\index.php(17): re в C:\OpenServer\domains\uralconstructioncompany\wp-content\themes\uralconstructioncompany\template-parts\content-page.php на строке 17

2020-09-11T13:21:48+00:00 CRITICAL Uncaught Error: Call to undefined function uralconstructioncompany_post_thumbnail() in C:\OpenServer\domains\uralconstructioncompany\wp-content\themes\uralconstructioncompany\template-parts\content-page.php:17
Stack trace:
#0 C:\OpenServer\domains\uralconstructioncompany\wp-includes\template.php(732): require()
#1 C:\OpenServer\domains\uralconstructioncompany\wp-includes\template.php(676): load_template('C:\\OpenServer\\d...', false, Array)
#2 C:\OpenServer\domains\uralconstructioncompany\wp-includes\general-template.php(204): locate_template(Array, true, false, Array)
#3 C:\OpenServer\domains\uralconstructioncompany\wp-content\themes\uralconstructioncompany\page.php(24): get_template_part('template-parts/...', 'page')
#4 C:\OpenServer\domains\uralconstructioncompany\wp-includes\template-loader.php(106): include('C:\\OpenServer\\d...')
#5 C:\OpenServer\domains\uralconstructioncompany\wp-blog-header.php(19): require_once('C:\\OpenServer\\d...')
#6 C:\OpenServer\domains\uralconstructioncompany\index.php(17): re в C:\OpenServer\domains\uralconstructioncompany\wp-content\themes\uralconstructioncompany\template-parts\content-page.php на строке 17

2020-09-11T13:22:35+00:00 CRITICAL Uncaught Error: Call to undefined function uralconstructioncompany_post_thumbnail() in C:\OpenServer\domains\uralconstructioncompany\wp-content\themes\uralconstructioncompany\template-parts\content-page.php:17
Stack trace:
#0 C:\OpenServer\domains\uralconstructioncompany\wp-includes\template.php(732): require()
#1 C:\OpenServer\domains\uralconstructioncompany\wp-includes\template.php(676): load_template('C:\\OpenServer\\d...', false, Array)
#2 C:\OpenServer\domains\uralconstructioncompany\wp-includes\general-template.php(204): locate_template(Array, true, false, Array)
#3 C:\OpenServer\domains\uralconstructioncompany\wp-content\themes\uralconstructioncompany\page.php(24): get_template_part('template-parts/...', 'page')
#4 C:\OpenServer\domains\uralconstructioncompany\wp-includes\template-loader.php(106): include('C:\\OpenServer\\d...')
#5 C:\OpenServer\domains\uralconstructioncompany\wp-blog-header.php(19): require_once('C:\\OpenServer\\d...')
#6 C:\OpenServer\domains\uralconstructioncompany\index.php(17): re в C:\OpenServer\domains\uralconstructioncompany\wp-content\themes\uralconstructioncompany\template-parts\content-page.php на строке 17

2020-09-11T13:23:20+00:00 CRITICAL Uncaught Error: Call to undefined function uralconstructioncompany_post_thumbnail() in C:\OpenServer\domains\uralconstructioncompany\wp-content\themes\uralconstructioncompany\template-parts\content-page.php:17
Stack trace:
#0 C:\OpenServer\domains\uralconstructioncompany\wp-includes\template.php(732): require()
#1 C:\OpenServer\domains\uralconstructioncompany\wp-includes\template.php(676): load_template('C:\\OpenServer\\d...', false, Array)
#2 C:\OpenServer\domains\uralconstructioncompany\wp-includes\general-template.php(204): locate_template(Array, true, false, Array)
#3 C:\OpenServer\domains\uralconstructioncompany\wp-content\themes\uralconstructioncompany\page.php(24): get_template_part('template-parts/...', 'page')
#4 C:\OpenServer\domains\uralconstructioncompany\wp-includes\template-loader.php(106): include('C:\\OpenServer\\d...')
#5 C:\OpenServer\domains\uralconstructioncompany\wp-blog-header.php(19): require_once('C:\\OpenServer\\d...')
#6 C:\OpenServer\domains\uralconstructioncompany\index.php(17): re в C:\OpenServer\domains\uralconstructioncompany\wp-content\themes\uralconstructioncompany\template-parts\content-page.php на строке 17

2020-09-11T13:23:41+00:00 CRITICAL Uncaught Error: Call to undefined function uralconstructioncompany_post_thumbnail() in C:\OpenServer\domains\uralconstructioncompany\wp-content\themes\uralconstructioncompany\template-parts\content-page.php:17
Stack trace:
#0 C:\OpenServer\domains\uralconstructioncompany\wp-includes\template.php(732): require()
#1 C:\OpenServer\domains\uralconstructioncompany\wp-includes\template.php(676): load_template('C:\\OpenServer\\d...', false, Array)
#2 C:\OpenServer\domains\uralconstructioncompany\wp-includes\general-template.php(204): locate_template(Array, true, false, Array)
#3 C:\OpenServer\domains\uralconstructioncompany\wp-content\themes\uralconstructioncompany\page.php(24): get_template_part('template-parts/...', 'page')
#4 C:\OpenServer\domains\uralconstructioncompany\wp-includes\template-loader.php(106): include('C:\\OpenServer\\d...')
#5 C:\OpenServer\domains\uralconstructioncompany\wp-blog-header.php(19): require_once('C:\\OpenServer\\d...')
#6 C:\OpenServer\domains\uralconstructioncompany\index.php(17): re в C:\OpenServer\domains\uralconstructioncompany\wp-content\themes\uralconstructioncompany\template-parts\content-page.php на строке 17

2020-09-11T13:28:22+00:00 CRITICAL Uncaught Error: Call to undefined function uralconstructioncompany_post_thumbnail() in C:\OpenServer\domains\uralconstructioncompany\wp-content\themes\uralconstructioncompany\template-parts\content-catalog.php:13
Stack trace:
#0 C:\OpenServer\domains\uralconstructioncompany\wp-includes\template-loader.php(106): include()
#1 C:\OpenServer\domains\uralconstructioncompany\wp-blog-header.php(19): require_once('C:\\OpenServer\\d...')
#2 C:\OpenServer\domains\uralconstructioncompany\index.php(17): require('C:\\OpenServer\\d...')
#3 {main}
  thrown в C:\OpenServer\domains\uralconstructioncompany\wp-content\themes\uralconstructioncompany\template-parts\content-catalog.php на строке 13

2020-09-11T13:34:04+00:00 CRITICAL Uncaught Error: Call to undefined function uralconstructioncompany_post_thumbnail() in C:\OpenServer\domains\uralconstructioncompany\wp-content\themes\uralconstructioncompany\template-parts\content-page.php:17
Stack trace:
#0 C:\OpenServer\domains\uralconstructioncompany\wp-includes\template.php(732): require()
#1 C:\OpenServer\domains\uralconstructioncompany\wp-includes\template.php(676): load_template('C:\\OpenServer\\d...', false, Array)
#2 C:\OpenServer\domains\uralconstructioncompany\wp-includes\general-template.php(204): locate_template(Array, true, false, Array)
#3 C:\OpenServer\domains\uralconstructioncompany\wp-content\themes\uralconstructioncompany\page.php(24): get_template_part('template-parts/...', 'page')
#4 C:\OpenServer\domains\uralconstructioncompany\wp-includes\template-loader.php(106): include('C:\\OpenServer\\d...')
#5 C:\OpenServer\domains\uralconstructioncompany\wp-blog-header.php(19): require_once('C:\\OpenServer\\d...')
#6 C:\OpenServer\domains\uralconstructioncompany\index.php(17): re в C:\OpenServer\domains\uralconstructioncompany\wp-content\themes\uralconstructioncompany\template-parts\content-page.php на строке 17

2020-09-11T13:34:29+00:00 CRITICAL Uncaught Error: Call to undefined function the_footer() in C:\OpenServer\domains\uralconstructioncompany\wp-content\themes\uralconstructioncompany\template-parts\catalog.php:11
Stack trace:
#0 C:\OpenServer\domains\uralconstructioncompany\wp-includes\template-loader.php(106): include()
#1 C:\OpenServer\domains\uralconstructioncompany\wp-blog-header.php(19): require_once('C:\\OpenServer\\d...')
#2 C:\OpenServer\domains\uralconstructioncompany\index.php(17): require('C:\\OpenServer\\d...')
#3 {main}
  thrown в C:\OpenServer\domains\uralconstructioncompany\wp-content\themes\uralconstructioncompany\template-parts\catalog.php на строке 11

2020-09-11T13:35:40+00:00 CRITICAL Uncaught Error: Call to undefined function uralconstructioncompany_post_thumbnail() in C:\OpenServer\domains\uralconstructioncompany\wp-content\themes\uralconstructioncompany\template-parts\content-page.php:17
Stack trace:
#0 C:\OpenServer\domains\uralconstructioncompany\wp-includes\template.php(732): require()
#1 C:\OpenServer\domains\uralconstructioncompany\wp-includes\template.php(676): load_template('C:\\OpenServer\\d...', false, Array)
#2 C:\OpenServer\domains\uralconstructioncompany\wp-includes\general-template.php(204): locate_template(Array, true, false, Array)
#3 C:\OpenServer\domains\uralconstructioncompany\wp-content\themes\uralconstructioncompany\page.php(24): get_template_part('template-parts/...', 'page')
#4 C:\OpenServer\domains\uralconstructioncompany\wp-includes\template-loader.php(106): include('C:\\OpenServer\\d...')
#5 C:\OpenServer\domains\uralconstructioncompany\wp-blog-header.php(19): require_once('C:\\OpenServer\\d...')
#6 C:\OpenServer\domains\uralconstructioncompany\index.php(17): re в C:\OpenServer\domains\uralconstructioncompany\wp-content\themes\uralconstructioncompany\template-parts\content-page.php на строке 17

2020-09-11T13:36:06+00:00 CRITICAL Uncaught Error: Call to undefined function the_footer() in C:\OpenServer\domains\uralconstructioncompany\wp-content\themes\uralconstructioncompany\catalog.php:11
Stack trace:
#0 C:\OpenServer\domains\uralconstructioncompany\wp-includes\template-loader.php(106): include()
#1 C:\OpenServer\domains\uralconstructioncompany\wp-blog-header.php(19): require_once('C:\\OpenServer\\d...')
#2 C:\OpenServer\domains\uralconstructioncompany\index.php(17): require('C:\\OpenServer\\d...')
#3 {main}
  thrown в C:\OpenServer\domains\uralconstructioncompany\wp-content\themes\uralconstructioncompany\catalog.php на строке 11

2020-09-11T13:37:01+00:00 CRITICAL Uncaught Error: Call to undefined function uralconstructioncompany_post_thumbnail() in C:\OpenServer\domains\uralconstructioncompany\wp-content\themes\uralconstructioncompany\template-parts\content-page.php:17
Stack trace:
#0 C:\OpenServer\domains\uralconstructioncompany\wp-includes\template.php(732): require()
#1 C:\OpenServer\domains\uralconstructioncompany\wp-includes\template.php(676): load_template('C:\\OpenServer\\d...', false, Array)
#2 C:\OpenServer\domains\uralconstructioncompany\wp-includes\general-template.php(204): locate_template(Array, true, false, Array)
#3 C:\OpenServer\domains\uralconstructioncompany\wp-content\themes\uralconstructioncompany\page.php(24): get_template_part('template-parts/...', 'page')
#4 C:\OpenServer\domains\uralconstructioncompany\wp-includes\template-loader.php(106): include('C:\\OpenServer\\d...')
#5 C:\OpenServer\domains\uralconstructioncompany\wp-blog-header.php(19): require_once('C:\\OpenServer\\d...')
#6 C:\OpenServer\domains\uralconstructioncompany\index.php(17): re в C:\OpenServer\domains\uralconstructioncompany\wp-content\themes\uralconstructioncompany\template-parts\content-page.php на строке 17

